<?xml version="1.0" encoding="UTF-8"?>
<coverage generated="1592272582317" clover="3.2.0">
  <project timestamp="1592272582317" name="All files">
    <metrics statements="88" coveredstatements="85" conditionals="21" coveredconditionals="15" methods="29" coveredmethods="29" elements="138" coveredelements="129" complexity="0" loc="88" ncloc="88" packages="1" files="4" classes="4"/>
    <file name="cliOptions.js" path="C:\Users\Lourdes\Documents\GitHub\LIM012-fe-md-links\src\cliOptions.js">
      <metrics statements="31" coveredstatements="29" conditionals="6" coveredconditionals="3" methods="9" coveredmethods="9"/>
      <line num="1" count="1" type="stmt"/>
      <line num="2" count="1" type="stmt"/>
      <line num="3" count="1" type="stmt"/>
      <line num="19" count="1" type="stmt"/>
      <line num="20" count="1" type="stmt"/>
      <line num="21" count="1" type="cond" truecount="1" falsecount="1"/>
      <line num="22" count="1" type="stmt"/>
      <line num="23" count="2" type="stmt"/>
      <line num="31" count="1" type="cond" truecount="1" falsecount="1"/>
      <line num="32" count="0" type="stmt"/>
      <line num="34" count="1" type="stmt"/>
      <line num="40" count="1" type="stmt"/>
      <line num="41" count="1" type="stmt"/>
      <line num="42" count="1" type="cond" truecount="1" falsecount="1"/>
      <line num="43" count="1" type="stmt"/>
      <line num="44" count="2" type="stmt"/>
      <line num="52" count="0" type="stmt"/>
      <line num="54" count="1" type="stmt"/>
      <line num="60" count="1" type="stmt"/>
      <line num="61" count="2" type="stmt"/>
      <line num="62" count="4" type="stmt"/>
      <line num="63" count="2" type="stmt"/>
      <line num="67" count="2" type="stmt"/>
      <line num="70" count="1" type="stmt"/>
      <line num="72" count="1" type="stmt"/>
      <line num="73" count="1" type="stmt"/>
      <line num="74" count="2" type="stmt"/>
      <line num="76" count="2" type="stmt"/>
      <line num="77" count="1" type="stmt"/>
      <line num="81" count="1" type="stmt"/>
      <line num="87" count="1" type="stmt"/>
    </file>
    <file name="index.js" path="C:\Users\Lourdes\Documents\GitHub\LIM012-fe-md-links\src\index.js">
      <metrics statements="38" coveredstatements="37" conditionals="8" coveredconditionals="6" methods="15" coveredmethods="15"/>
      <line num="1" count="4" type="stmt"/>
      <line num="2" count="4" type="stmt"/>
      <line num="3" count="4" type="stmt"/>
      <line num="4" count="4" type="stmt"/>
      <line num="8" count="4" type="stmt"/>
      <line num="9" count="1" type="stmt"/>
      <line num="10" count="1" type="cond" truecount="1" falsecount="1"/>
      <line num="11" count="0" type="stmt"/>
      <line num="13" count="1" type="stmt"/>
      <line num="18" count="4" type="stmt"/>
      <line num="22" count="4" type="cond" truecount="1" falsecount="1"/>
      <line num="26" count="35" type="stmt"/>
      <line num="30" count="15" type="stmt"/>
      <line num="34" count="4" type="stmt"/>
      <line num="38" count="13" type="stmt"/>
      <line num="42" count="24" type="stmt"/>
      <line num="46" count="4" type="stmt"/>
      <line num="47" count="12" type="stmt"/>
      <line num="48" count="30" type="stmt"/>
      <line num="55" count="4" type="stmt"/>
      <line num="56" count="34" type="stmt"/>
      <line num="57" count="34" type="cond" truecount="2" falsecount="0"/>
      <line num="58" count="23" type="cond" truecount="2" falsecount="0"/>
      <line num="59" count="17" type="stmt"/>
      <line num="62" count="11" type="stmt"/>
      <line num="63" count="28" type="stmt"/>
      <line num="65" count="28" type="stmt"/>
      <line num="66" count="28" type="stmt"/>
      <line num="69" count="34" type="stmt"/>
      <line num="76" count="4" type="stmt"/>
      <line num="77" count="5" type="stmt"/>
      <line num="78" count="5" type="stmt"/>
      <line num="79" count="14" type="stmt"/>
      <line num="80" count="14" type="stmt"/>
      <line num="85" count="14" type="stmt"/>
      <line num="88" count="14" type="stmt"/>
      <line num="90" count="5" type="stmt"/>
      <line num="95" count="4" type="stmt"/>
    </file>
    <file name="mdLinks.js" path="C:\Users\Lourdes\Documents\GitHub\LIM012-fe-md-links\src\mdLinks.js">
      <metrics statements="8" coveredstatements="8" conditionals="3" coveredconditionals="3" methods="2" coveredmethods="2"/>
      <line num="1" count="2" type="stmt"/>
      <line num="2" count="2" type="stmt"/>
      <line num="4" count="2" type="cond" truecount="1" falsecount="0"/>
      <line num="5" count="3" type="stmt"/>
      <line num="6" count="3" type="cond" truecount="2" falsecount="0"/>
      <line num="7" count="1" type="stmt"/>
      <line num="9" count="2" type="stmt"/>
      <line num="18" count="2" type="stmt"/>
    </file>
    <file name="validate.js" path="C:\Users\Lourdes\Documents\GitHub\LIM012-fe-md-links\src\validate.js">
      <metrics statements="11" coveredstatements="11" conditionals="4" coveredconditionals="3" methods="3" coveredmethods="3"/>
      <line num="1" count="3" type="stmt"/>
      <line num="2" count="3" type="stmt"/>
      <line num="5" count="3" type="stmt"/>
      <line num="6" count="2" type="stmt"/>
      <line num="7" count="6" type="stmt"/>
      <line num="10" count="6" type="stmt"/>
      <line num="15" count="6" type="cond" truecount="3" falsecount="1"/>
      <line num="16" count="6" type="stmt"/>
      <line num="17" count="6" type="stmt"/>
      <line num="18" count="6" type="stmt"/>
      <line num="25" count="3" type="stmt"/>
    </file>
  </project>
</coverage>
