{"C:\\Users\\Lourdes\\Documents\\GitHub\\LIM012-fe-md-links\\src\\index.js": {"path":"C:\\Users\\Lourdes\\Documents\\GitHub\\LIM012-fe-md-links\\src\\index.js","statementMap":{"0":{"start":{"line":1,"column":11},"end":{"line":1,"column":25}},"1":{"start":{"line":2,"column":13},"end":{"line":2,"column":29}},"2":{"start":{"line":3,"column":15},"end":{"line":3,"column":33}},"3":{"start":{"line":4,"column":17},"end":{"line":4,"column":38}},"4":{"start":{"line":8,"column":19},"end":{"line":14,"column":3}},"5":{"start":{"line":9,"column":25},"end":{"line":9,"column":45}},"6":{"start":{"line":10,"column":4},"end":{"line":12,"column":5}},"7":{"start":{"line":11,"column":6},"end":{"line":11,"column":76}},"8":{"start":{"line":13,"column":4},"end":{"line":13,"column":24}},"9":{"start":{"line":15,"column":3},"end":{"line":15,"column":67}},"10":{"start":{"line":18,"column":26},"end":{"line":18,"column":59}},"11":{"start":{"line":18,"column":37},"end":{"line":18,"column":59}},"12":{"start":{"line":19,"column":0},"end":{"line":19,"column":69}},"13":{"start":{"line":22,"column":22},"end":{"line":22,"column":98}},"14":{"start":{"line":22,"column":34},"end":{"line":22,"column":97}},"15":{"start":{"line":23,"column":0},"end":{"line":23,"column":67}},"16":{"start":{"line":26,"column":15},"end":{"line":26,"column":53}},"17":{"start":{"line":26,"column":26},"end":{"line":26,"column":53}},"18":{"start":{"line":27,"column":0},"end":{"line":27,"column":52}},"19":{"start":{"line":30,"column":18},"end":{"line":30,"column":55}},"20":{"start":{"line":30,"column":27},"end":{"line":30,"column":55}},"21":{"start":{"line":31,"column":0},"end":{"line":31,"column":76}},"22":{"start":{"line":34,"column":20},"end":{"line":34,"column":64}},"23":{"start":{"line":34,"column":31},"end":{"line":34,"column":64}},"24":{"start":{"line":35,"column":0},"end":{"line":35,"column":60}},"25":{"start":{"line":38,"column":22},"end":{"line":38,"column":54}},"26":{"start":{"line":38,"column":33},"end":{"line":38,"column":54}},"27":{"start":{"line":39,"column":0},"end":{"line":39,"column":72}},"28":{"start":{"line":42,"column":23},"end":{"line":42,"column":53}},"29":{"start":{"line":42,"column":34},"end":{"line":42,"column":53}},"30":{"start":{"line":43,"column":0},"end":{"line":43,"column":77}},"31":{"start":{"line":46,"column":28},"end":{"line":49,"column":3}},"32":{"start":{"line":47,"column":4},"end":{"line":48,"column":34}},"33":{"start":{"line":48,"column":6},"end":{"line":48,"column":31}},"34":{"start":{"line":50,"column":0},"end":{"line":50,"column":82}},"35":{"start":{"line":55,"column":18},"end":{"line":69,"column":1}},"36":{"start":{"line":56,"column":19},"end":{"line":56,"column":21}},"37":{"start":{"line":57,"column":4},"end":{"line":67,"column":5}},"38":{"start":{"line":58,"column":8},"end":{"line":60,"column":9}},"39":{"start":{"line":59,"column":12},"end":{"line":59,"column":34}},"40":{"start":{"line":62,"column":6},"end":{"line":66,"column":9}},"41":{"start":{"line":63,"column":29},"end":{"line":63,"column":47}},"42":{"start":{"line":64,"column":34},"end":{"line":64,"column":57}},"43":{"start":{"line":65,"column":8},"end":{"line":65,"column":56}},"44":{"start":{"line":68,"column":4},"end":{"line":68,"column":21}},"45":{"start":{"line":70,"column":0},"end":{"line":70,"column":64}},"46":{"start":{"line":74,"column":24},"end":{"line":89,"column":2}},"47":{"start":{"line":75,"column":20},"end":{"line":75,"column":22}},"48":{"start":{"line":76,"column":3},"end":{"line":87,"column":6}},"49":{"start":{"line":77,"column":5},"end":{"line":84,"column":7}},"50":{"start":{"line":78,"column":20},"end":{"line":82,"column":8}},"51":{"start":{"line":83,"column":7},"end":{"line":83,"column":27}},"52":{"start":{"line":86,"column":5},"end":{"line":86,"column":43}},"53":{"start":{"line":88,"column":3},"end":{"line":88,"column":19}},"54":{"start":{"line":90,"column":0},"end":{"line":90,"column":72}},"55":{"start":{"line":92,"column":0},"end":{"line":104,"column":1}}},"fnMap":{"0":{"name":"(anonymous_0)","decl":{"start":{"line":8,"column":19},"end":{"line":8,"column":20}},"loc":{"start":{"line":8,"column":30},"end":{"line":14,"column":3}},"line":8},"1":{"name":"(anonymous_1)","decl":{"start":{"line":18,"column":26},"end":{"line":18,"column":27}},"loc":{"start":{"line":18,"column":37},"end":{"line":18,"column":59}},"line":18},"2":{"name":"(anonymous_2)","decl":{"start":{"line":22,"column":22},"end":{"line":22,"column":23}},"loc":{"start":{"line":22,"column":34},"end":{"line":22,"column":97}},"line":22},"3":{"name":"(anonymous_3)","decl":{"start":{"line":26,"column":15},"end":{"line":26,"column":16}},"loc":{"start":{"line":26,"column":26},"end":{"line":26,"column":53}},"line":26},"4":{"name":"(anonymous_4)","decl":{"start":{"line":30,"column":18},"end":{"line":30,"column":19}},"loc":{"start":{"line":30,"column":27},"end":{"line":30,"column":55}},"line":30},"5":{"name":"(anonymous_5)","decl":{"start":{"line":34,"column":20},"end":{"line":34,"column":21}},"loc":{"start":{"line":34,"column":31},"end":{"line":34,"column":64}},"line":34},"6":{"name":"(anonymous_6)","decl":{"start":{"line":38,"column":22},"end":{"line":38,"column":23}},"loc":{"start":{"line":38,"column":33},"end":{"line":38,"column":54}},"line":38},"7":{"name":"(anonymous_7)","decl":{"start":{"line":42,"column":23},"end":{"line":42,"column":24}},"loc":{"start":{"line":42,"column":34},"end":{"line":42,"column":53}},"line":42},"8":{"name":"(anonymous_8)","decl":{"start":{"line":46,"column":28},"end":{"line":46,"column":29}},"loc":{"start":{"line":46,"column":39},"end":{"line":49,"column":3}},"line":46},"9":{"name":"(anonymous_9)","decl":{"start":{"line":47,"column":36},"end":{"line":47,"column":37}},"loc":{"start":{"line":48,"column":6},"end":{"line":48,"column":31}},"line":48},"10":{"name":"(anonymous_10)","decl":{"start":{"line":55,"column":18},"end":{"line":55,"column":19}},"loc":{"start":{"line":55,"column":28},"end":{"line":69,"column":1}},"line":55},"11":{"name":"(anonymous_11)","decl":{"start":{"line":62,"column":41},"end":{"line":62,"column":42}},"loc":{"start":{"line":62,"column":54},"end":{"line":66,"column":7}},"line":62},"12":{"name":"(anonymous_12)","decl":{"start":{"line":74,"column":24},"end":{"line":74,"column":25}},"loc":{"start":{"line":74,"column":35},"end":{"line":89,"column":2}},"line":74},"13":{"name":"(anonymous_13)","decl":{"start":{"line":76,"column":28},"end":{"line":76,"column":29}},"loc":{"start":{"line":76,"column":38},"end":{"line":87,"column":4}},"line":76},"14":{"name":"(anonymous_14)","decl":{"start":{"line":77,"column":21},"end":{"line":77,"column":22}},"loc":{"start":{"line":77,"column":44},"end":{"line":84,"column":6}},"line":77}},"branchMap":{"0":{"loc":{"start":{"line":10,"column":4},"end":{"line":12,"column":5}},"type":"if","locations":[{"start":{"line":10,"column":4},"end":{"line":12,"column":5}},{"start":{"line":10,"column":4},"end":{"line":12,"column":5}}],"line":10},"1":{"loc":{"start":{"line":22,"column":34},"end":{"line":22,"column":97}},"type":"cond-expr","locations":[{"start":{"line":22,"column":68},"end":{"line":22,"column":73}},{"start":{"line":22,"column":77},"end":{"line":22,"column":96}}],"line":22},"2":{"loc":{"start":{"line":57,"column":4},"end":{"line":67,"column":5}},"type":"if","locations":[{"start":{"line":57,"column":4},"end":{"line":67,"column":5}},{"start":{"line":57,"column":4},"end":{"line":67,"column":5}}],"line":57},"3":{"loc":{"start":{"line":58,"column":8},"end":{"line":60,"column":9}},"type":"if","locations":[{"start":{"line":58,"column":8},"end":{"line":60,"column":9}},{"start":{"line":58,"column":8},"end":{"line":60,"column":9}}],"line":58}},"s":{"0":1,"1":1,"2":1,"3":1,"4":1,"5":2,"6":2,"7":0,"8":2,"9":1,"10":1,"11":3,"12":1,"13":1,"14":2,"15":1,"16":1,"17":14,"18":1,"19":1,"20":4,"21":1,"22":1,"23":2,"24":1,"25":1,"26":6,"27":1,"28":1,"29":12,"30":1,"31":1,"32":4,"33":16,"34":1,"35":1,"36":12,"37":12,"38":10,"39":6,"40":2,"41":8,"42":8,"43":8,"44":12,"45":1,"46":1,"47":2,"48":2,"49":2,"50":4,"51":4,"52":2,"53":2,"54":1,"55":1},"f":{"0":2,"1":3,"2":2,"3":14,"4":4,"5":2,"6":6,"7":12,"8":4,"9":16,"10":12,"11":8,"12":2,"13":2,"14":4},"b":{"0":[0,2],"1":[0,2],"2":[10,2],"3":[6,4]},"_coverageSchema":"1a1c01bbd47fc00a2c39e90264f33305004495a9","hash":"53338f6b2e46e1d8ac662e1c1b76180e9ef6ee46"}
}
