{"C:\\Users\\Lourdes\\Documents\\GitHub\\LIM012-fe-md-links\\src\\index.js": {"path":"C:\\Users\\Lourdes\\Documents\\GitHub\\LIM012-fe-md-links\\src\\index.js","statementMap":{"0":{"start":{"line":1,"column":11},"end":{"line":1,"column":25}},"1":{"start":{"line":2,"column":13},"end":{"line":2,"column":29}},"2":{"start":{"line":3,"column":15},"end":{"line":3,"column":33}},"3":{"start":{"line":4,"column":17},"end":{"line":4,"column":38}},"4":{"start":{"line":8,"column":19},"end":{"line":14,"column":3}},"5":{"start":{"line":9,"column":25},"end":{"line":9,"column":45}},"6":{"start":{"line":10,"column":4},"end":{"line":12,"column":5}},"7":{"start":{"line":11,"column":6},"end":{"line":11,"column":76}},"8":{"start":{"line":13,"column":4},"end":{"line":13,"column":24}},"9":{"start":{"line":18,"column":26},"end":{"line":18,"column":59}},"10":{"start":{"line":18,"column":37},"end":{"line":18,"column":59}},"11":{"start":{"line":22,"column":22},"end":{"line":22,"column":98}},"12":{"start":{"line":22,"column":34},"end":{"line":22,"column":97}},"13":{"start":{"line":26,"column":15},"end":{"line":26,"column":53}},"14":{"start":{"line":26,"column":26},"end":{"line":26,"column":53}},"15":{"start":{"line":30,"column":18},"end":{"line":30,"column":55}},"16":{"start":{"line":30,"column":27},"end":{"line":30,"column":55}},"17":{"start":{"line":34,"column":20},"end":{"line":34,"column":64}},"18":{"start":{"line":34,"column":31},"end":{"line":34,"column":64}},"19":{"start":{"line":38,"column":22},"end":{"line":38,"column":54}},"20":{"start":{"line":38,"column":33},"end":{"line":38,"column":54}},"21":{"start":{"line":42,"column":23},"end":{"line":42,"column":53}},"22":{"start":{"line":42,"column":34},"end":{"line":42,"column":53}},"23":{"start":{"line":46,"column":28},"end":{"line":49,"column":3}},"24":{"start":{"line":47,"column":4},"end":{"line":48,"column":34}},"25":{"start":{"line":48,"column":6},"end":{"line":48,"column":31}},"26":{"start":{"line":55,"column":18},"end":{"line":70,"column":1}},"27":{"start":{"line":56,"column":19},"end":{"line":56,"column":21}},"28":{"start":{"line":57,"column":4},"end":{"line":68,"column":5}},"29":{"start":{"line":58,"column":8},"end":{"line":60,"column":9}},"30":{"start":{"line":59,"column":12},"end":{"line":59,"column":34}},"31":{"start":{"line":62,"column":6},"end":{"line":67,"column":9}},"32":{"start":{"line":63,"column":29},"end":{"line":63,"column":47}},"33":{"start":{"line":65,"column":34},"end":{"line":65,"column":57}},"34":{"start":{"line":66,"column":8},"end":{"line":66,"column":56}},"35":{"start":{"line":69,"column":4},"end":{"line":69,"column":21}},"36":{"start":{"line":76,"column":24},"end":{"line":91,"column":2}},"37":{"start":{"line":77,"column":20},"end":{"line":77,"column":22}},"38":{"start":{"line":78,"column":3},"end":{"line":89,"column":6}},"39":{"start":{"line":79,"column":5},"end":{"line":86,"column":7}},"40":{"start":{"line":80,"column":20},"end":{"line":84,"column":8}},"41":{"start":{"line":85,"column":7},"end":{"line":85,"column":27}},"42":{"start":{"line":88,"column":5},"end":{"line":88,"column":43}},"43":{"start":{"line":90,"column":3},"end":{"line":90,"column":19}},"44":{"start":{"line":94,"column":0},"end":{"line":106,"column":1}}},"fnMap":{"0":{"name":"(anonymous_0)","decl":{"start":{"line":8,"column":19},"end":{"line":8,"column":20}},"loc":{"start":{"line":8,"column":30},"end":{"line":14,"column":3}},"line":8},"1":{"name":"(anonymous_1)","decl":{"start":{"line":18,"column":26},"end":{"line":18,"column":27}},"loc":{"start":{"line":18,"column":37},"end":{"line":18,"column":59}},"line":18},"2":{"name":"(anonymous_2)","decl":{"start":{"line":22,"column":22},"end":{"line":22,"column":23}},"loc":{"start":{"line":22,"column":34},"end":{"line":22,"column":97}},"line":22},"3":{"name":"(anonymous_3)","decl":{"start":{"line":26,"column":15},"end":{"line":26,"column":16}},"loc":{"start":{"line":26,"column":26},"end":{"line":26,"column":53}},"line":26},"4":{"name":"(anonymous_4)","decl":{"start":{"line":30,"column":18},"end":{"line":30,"column":19}},"loc":{"start":{"line":30,"column":27},"end":{"line":30,"column":55}},"line":30},"5":{"name":"(anonymous_5)","decl":{"start":{"line":34,"column":20},"end":{"line":34,"column":21}},"loc":{"start":{"line":34,"column":31},"end":{"line":34,"column":64}},"line":34},"6":{"name":"(anonymous_6)","decl":{"start":{"line":38,"column":22},"end":{"line":38,"column":23}},"loc":{"start":{"line":38,"column":33},"end":{"line":38,"column":54}},"line":38},"7":{"name":"(anonymous_7)","decl":{"start":{"line":42,"column":23},"end":{"line":42,"column":24}},"loc":{"start":{"line":42,"column":34},"end":{"line":42,"column":53}},"line":42},"8":{"name":"(anonymous_8)","decl":{"start":{"line":46,"column":28},"end":{"line":46,"column":29}},"loc":{"start":{"line":46,"column":39},"end":{"line":49,"column":3}},"line":46},"9":{"name":"(anonymous_9)","decl":{"start":{"line":47,"column":36},"end":{"line":47,"column":37}},"loc":{"start":{"line":48,"column":6},"end":{"line":48,"column":31}},"line":48},"10":{"name":"(anonymous_10)","decl":{"start":{"line":55,"column":18},"end":{"line":55,"column":19}},"loc":{"start":{"line":55,"column":28},"end":{"line":70,"column":1}},"line":55},"11":{"name":"(anonymous_11)","decl":{"start":{"line":62,"column":41},"end":{"line":62,"column":42}},"loc":{"start":{"line":62,"column":54},"end":{"line":67,"column":7}},"line":62},"12":{"name":"(anonymous_12)","decl":{"start":{"line":76,"column":24},"end":{"line":76,"column":25}},"loc":{"start":{"line":76,"column":35},"end":{"line":91,"column":2}},"line":76},"13":{"name":"(anonymous_13)","decl":{"start":{"line":78,"column":28},"end":{"line":78,"column":29}},"loc":{"start":{"line":78,"column":38},"end":{"line":89,"column":4}},"line":78},"14":{"name":"(anonymous_14)","decl":{"start":{"line":79,"column":21},"end":{"line":79,"column":22}},"loc":{"start":{"line":79,"column":44},"end":{"line":86,"column":6}},"line":79}},"branchMap":{"0":{"loc":{"start":{"line":10,"column":4},"end":{"line":12,"column":5}},"type":"if","locations":[{"start":{"line":10,"column":4},"end":{"line":12,"column":5}},{"start":{"line":10,"column":4},"end":{"line":12,"column":5}}],"line":10},"1":{"loc":{"start":{"line":22,"column":34},"end":{"line":22,"column":97}},"type":"cond-expr","locations":[{"start":{"line":22,"column":68},"end":{"line":22,"column":73}},{"start":{"line":22,"column":77},"end":{"line":22,"column":96}}],"line":22},"2":{"loc":{"start":{"line":57,"column":4},"end":{"line":68,"column":5}},"type":"if","locations":[{"start":{"line":57,"column":4},"end":{"line":68,"column":5}},{"start":{"line":57,"column":4},"end":{"line":68,"column":5}}],"line":57},"3":{"loc":{"start":{"line":58,"column":8},"end":{"line":60,"column":9}},"type":"if","locations":[{"start":{"line":58,"column":8},"end":{"line":60,"column":9}},{"start":{"line":58,"column":8},"end":{"line":60,"column":9}}],"line":58}},"s":{"0":3,"1":3,"2":3,"3":3,"4":3,"5":1,"6":1,"7":0,"8":1,"9":3,"10":2,"11":3,"12":1,"13":3,"14":15,"15":3,"16":7,"17":3,"18":1,"19":3,"20":3,"21":3,"22":14,"23":3,"24":2,"25":14,"26":3,"27":14,"28":14,"29":13,"30":8,"31":1,"32":7,"33":7,"34":7,"35":14,"36":3,"37":6,"38":6,"39":6,"40":12,"41":12,"42":6,"43":6,"44":3},"f":{"0":1,"1":2,"2":1,"3":15,"4":7,"5":1,"6":3,"7":14,"8":2,"9":14,"10":14,"11":7,"12":6,"13":6,"14":12},"b":{"0":[0,1],"1":[0,1],"2":[13,1],"3":[8,5]},"_coverageSchema":"1a1c01bbd47fc00a2c39e90264f33305004495a9","hash":"9631b358f7221cf03d7349056d44730815b84de5"}
,"C:\\Users\\Lourdes\\Documents\\GitHub\\LIM012-fe-md-links\\src\\mdLinks.js": {"path":"C:\\Users\\Lourdes\\Documents\\GitHub\\LIM012-fe-md-links\\src\\mdLinks.js","statementMap":{"0":{"start":{"line":1,"column":28},"end":{"line":1,"column":50}},"1":{"start":{"line":2,"column":27},"end":{"line":2,"column":52}},"2":{"start":{"line":4,"column":16},"end":{"line":12,"column":1}},"3":{"start":{"line":5,"column":4},"end":{"line":11,"column":7}},"4":{"start":{"line":6,"column":8},"end":{"line":10,"column":9}},"5":{"start":{"line":7,"column":12},"end":{"line":7,"column":42}},"6":{"start":{"line":9,"column":12},"end":{"line":9,"column":43}},"7":{"start":{"line":14,"column":0},"end":{"line":14,"column":81}},"8":{"start":{"line":14,"column":63},"end":{"line":14,"column":79}},"9":{"start":{"line":16,"column":0},"end":{"line":16,"column":27}}},"fnMap":{"0":{"name":"(anonymous_0)","decl":{"start":{"line":4,"column":16},"end":{"line":4,"column":17}},"loc":{"start":{"line":4,"column":64},"end":{"line":12,"column":1}},"line":4},"1":{"name":"(anonymous_1)","decl":{"start":{"line":5,"column":34},"end":{"line":5,"column":35}},"loc":{"start":{"line":5,"column":46},"end":{"line":11,"column":5}},"line":5},"2":{"name":"(anonymous_2)","decl":{"start":{"line":14,"column":54},"end":{"line":14,"column":55}},"loc":{"start":{"line":14,"column":63},"end":{"line":14,"column":79}},"line":14}},"branchMap":{"0":{"loc":{"start":{"line":4,"column":24},"end":{"line":4,"column":59}},"type":"default-arg","locations":[{"start":{"line":4,"column":34},"end":{"line":4,"column":59}}],"line":4},"1":{"loc":{"start":{"line":6,"column":8},"end":{"line":10,"column":9}},"type":"if","locations":[{"start":{"line":6,"column":8},"end":{"line":10,"column":9}},{"start":{"line":6,"column":8},"end":{"line":10,"column":9}}],"line":6}},"s":{"0":1,"1":1,"2":1,"3":4,"4":4,"5":2,"6":2,"7":1,"8":0,"9":1},"f":{"0":4,"1":4,"2":0},"b":{"0":[1],"1":[2,2]},"_coverageSchema":"1a1c01bbd47fc00a2c39e90264f33305004495a9","hash":"9a9ab874230acc1b495471a15def7e1da6de8c4e"}
,"C:\\Users\\Lourdes\\Documents\\GitHub\\LIM012-fe-md-links\\src\\validate.js": {"path":"C:\\Users\\Lourdes\\Documents\\GitHub\\LIM012-fe-md-links\\src\\validate.js","statementMap":{"0":{"start":{"line":1,"column":21},"end":{"line":1,"column":43}},"1":{"start":{"line":2,"column":14},"end":{"line":2,"column":36}},"2":{"start":{"line":5,"column":23},"end":{"line":21,"column":1}},"3":{"start":{"line":6,"column":4},"end":{"line":20,"column":8}},"4":{"start":{"line":7,"column":8},"end":{"line":19,"column":10}},"5":{"start":{"line":10,"column":24},"end":{"line":14,"column":7}},"6":{"start":{"line":15,"column":6},"end":{"line":15,"column":83}},"7":{"start":{"line":16,"column":6},"end":{"line":16,"column":37}},"8":{"start":{"line":17,"column":6},"end":{"line":17,"column":36}},"9":{"start":{"line":18,"column":6},"end":{"line":18,"column":23}},"10":{"start":{"line":25,"column":0},"end":{"line":27,"column":1}}},"fnMap":{"0":{"name":"(anonymous_0)","decl":{"start":{"line":5,"column":23},"end":{"line":5,"column":24}},"loc":{"start":{"line":5,"column":34},"end":{"line":21,"column":1}},"line":5},"1":{"name":"(anonymous_1)","decl":{"start":{"line":6,"column":64},"end":{"line":6,"column":65}},"loc":{"start":{"line":6,"column":77},"end":{"line":20,"column":5}},"line":6},"2":{"name":"(anonymous_2)","decl":{"start":{"line":8,"column":14},"end":{"line":8,"column":15}},"loc":{"start":{"line":8,"column":23},"end":{"line":19,"column":9}},"line":8}},"branchMap":{"0":{"loc":{"start":{"line":15,"column":6},"end":{"line":15,"column":82}},"type":"cond-expr","locations":[{"start":{"line":15,"column":49},"end":{"line":15,"column":63}},{"start":{"line":15,"column":66},"end":{"line":15,"column":82}}],"line":15},"1":{"loc":{"start":{"line":15,"column":7},"end":{"line":15,"column":45}},"type":"binary-expr","locations":[{"start":{"line":15,"column":7},"end":{"line":15,"column":24}},{"start":{"line":15,"column":28},"end":{"line":15,"column":45}}],"line":15}},"s":{"0":2,"1":2,"2":2,"3":3,"4":6,"5":2,"6":2,"7":2,"8":2,"9":2,"10":2},"f":{"0":3,"1":6,"2":2},"b":{"0":[2,0],"1":[2,2]},"_coverageSchema":"1a1c01bbd47fc00a2c39e90264f33305004495a9","hash":"9ab622589dc231d45c972ebcaf76cef3627cc2de"}
}
