TN:
SF:src\index.js
FN:8,(anonymous_0)
FN:18,(anonymous_1)
FN:22,(anonymous_2)
FN:26,(anonymous_3)
FN:30,(anonymous_4)
FN:34,(anonymous_5)
FN:38,(anonymous_6)
FN:42,(anonymous_7)
FN:46,(anonymous_8)
FN:47,(anonymous_9)
FN:55,(anonymous_10)
FN:62,(anonymous_11)
FN:76,(anonymous_12)
FN:78,(anonymous_13)
FN:79,(anonymous_14)
FNF:15
FNH:15
FNDA:1,(anonymous_0)
FNDA:2,(anonymous_1)
FNDA:1,(anonymous_2)
FNDA:14,(anonymous_3)
FNDA:6,(anonymous_4)
FNDA:1,(anonymous_5)
FNDA:3,(anonymous_6)
FNDA:13,(anonymous_7)
FNDA:2,(anonymous_8)
FNDA:14,(anonymous_9)
FNDA:13,(anonymous_10)
FNDA:7,(anonymous_11)
FNDA:5,(anonymous_12)
FNDA:5,(anonymous_13)
FNDA:10,(anonymous_14)
DA:1,3
DA:2,3
DA:3,3
DA:4,3
DA:8,3
DA:9,1
DA:10,1
DA:11,0
DA:13,1
DA:18,3
DA:22,3
DA:26,14
DA:30,6
DA:34,3
DA:38,3
DA:42,13
DA:46,3
DA:47,2
DA:48,14
DA:55,3
DA:56,13
DA:57,13
DA:58,12
DA:59,7
DA:62,1
DA:63,7
DA:65,7
DA:66,7
DA:69,13
DA:76,3
DA:77,5
DA:78,5
DA:79,5
DA:80,10
DA:85,10
DA:88,5
DA:90,5
DA:94,3
LF:38
LH:37
BRDA:10,0,0,0
BRDA:10,0,1,1
BRDA:22,1,0,0
BRDA:22,1,1,1
BRDA:57,2,0,12
BRDA:57,2,1,1
BRDA:58,3,0,7
BRDA:58,3,1,5
BRF:8
BRH:6
end_of_record
TN:
SF:src\mdLinks.js
FN:4,(anonymous_0)
FN:5,(anonymous_1)
FNF:2
FNH:2
FNDA:3,(anonymous_0)
FNDA:3,(anonymous_1)
DA:1,1
DA:2,1
DA:4,1
DA:5,3
DA:6,3
DA:7,1
DA:9,2
DA:16,1
LF:8
LH:8
BRDA:4,0,0,1
BRDA:6,1,0,1
BRDA:6,1,1,2
BRF:3
BRH:3
end_of_record
TN:
SF:src\validate.js
FN:5,(anonymous_0)
FN:6,(anonymous_1)
FN:8,(anonymous_2)
FNF:3
FNH:3
FNDA:2,(anonymous_0)
FNDA:4,(anonymous_1)
FNDA:4,(anonymous_2)
DA:1,2
DA:2,2
DA:5,2
DA:6,2
DA:7,4
DA:10,4
DA:15,4
DA:16,4
DA:17,4
DA:18,4
DA:25,2
LF:11
LH:11
BRDA:15,0,0,4
BRDA:15,0,1,0
BRDA:15,1,0,4
BRDA:15,1,1,4
BRF:4
BRH:3
end_of_record
