TN:
SF:src\index.js
FN:8,(anonymous_0)
FN:18,(anonymous_1)
FN:22,(anonymous_2)
FN:26,(anonymous_3)
FN:30,(anonymous_4)
FN:34,(anonymous_5)
FN:38,(anonymous_6)
FN:42,(anonymous_7)
FN:46,(anonymous_8)
FN:47,(anonymous_9)
FN:55,(anonymous_10)
FN:62,(anonymous_11)
FN:76,(anonymous_12)
FN:78,(anonymous_13)
FN:79,(anonymous_14)
FNF:15
FNH:15
FNDA:1,(anonymous_0)
FNDA:2,(anonymous_1)
FNDA:1,(anonymous_2)
FNDA:13,(anonymous_3)
FNDA:7,(anonymous_4)
FNDA:1,(anonymous_5)
FNDA:4,(anonymous_6)
FNDA:11,(anonymous_7)
FNDA:3,(anonymous_8)
FNDA:7,(anonymous_9)
FNDA:12,(anonymous_10)
FNDA:5,(anonymous_11)
FNDA:6,(anonymous_12)
FNDA:6,(anonymous_13)
FNDA:12,(anonymous_14)
DA:1,4
DA:2,4
DA:3,4
DA:4,4
DA:8,4
DA:9,1
DA:10,1
DA:11,0
DA:13,1
DA:18,4
DA:22,4
DA:26,13
DA:30,7
DA:34,4
DA:38,4
DA:42,11
DA:46,4
DA:47,3
DA:48,7
DA:55,4
DA:56,12
DA:57,12
DA:58,10
DA:59,9
DA:62,2
DA:63,5
DA:65,5
DA:66,5
DA:69,12
DA:76,4
DA:77,6
DA:78,6
DA:79,6
DA:80,12
DA:85,12
DA:88,6
DA:90,6
DA:95,4
LF:38
LH:37
BRDA:10,0,0,0
BRDA:10,0,1,1
BRDA:22,1,0,0
BRDA:22,1,1,1
BRDA:57,2,0,10
BRDA:57,2,1,2
BRDA:58,3,0,9
BRDA:58,3,1,1
BRF:8
BRH:6
end_of_record
TN:
SF:src\mdLinks.js
FN:4,(anonymous_0)
FN:5,(anonymous_1)
FNF:2
FNH:2
FNDA:3,(anonymous_0)
FNDA:3,(anonymous_1)
DA:1,1
DA:2,1
DA:4,1
DA:5,3
DA:6,3
DA:7,1
DA:9,2
DA:18,1
LF:8
LH:8
BRDA:4,0,0,1
BRDA:6,1,0,1
BRDA:6,1,1,2
BRF:3
BRH:3
end_of_record
TN:
SF:src\validate.js
FN:6,(anonymous_0)
FN:8,(anonymous_1)
FN:10,(anonymous_2)
FNF:3
FNH:3
FNDA:3,(anonymous_0)
FNDA:6,(anonymous_1)
FNDA:6,(anonymous_2)
DA:1,3
DA:2,3
DA:3,3
DA:6,3
DA:8,3
DA:9,6
DA:12,6
DA:17,6
DA:18,6
DA:19,6
DA:20,6
DA:27,3
LF:12
LH:12
BRDA:17,0,0,3
BRDA:17,0,1,3
BRDA:17,1,0,6
BRDA:17,1,1,6
BRF:4
BRH:4
end_of_record
